2003.05.11 19:53 B D:\Data\home\zbeckerman\attac-website\agreement.html <-- cunix /www agreement.html
2003.05.11 19:53 B D:\Data\home\zbeckerman\attac-website\attac-for-linux-off.gif <-- cunix /www attac-for-linux-off.gif
2003.05.11 19:53 B D:\Data\home\zbeckerman\attac-website\attac-for-linux.html <-- cunix /www attac-for-linux.html
2003.05.11 19:53 B D:\Data\home\zbeckerman\attac-website\attac-for-windows-off.gif <-- cunix /www attac-for-windows-off.gif
2003.05.11 19:53 B D:\Data\home\zbeckerman\attac-website\attac-for-windows.html <-- cunix /www attac-for-windows.html
2003.05.11 19:53 B D:\Data\home\zbeckerman\attac-website\attac-main.gif <-- cunix /www attac-main.gif
2003.05.11 19:53 B D:\Data\home\zbeckerman\attac-website\attac-main.jpg <-- cunix /www attac-main.jpg
2003.05.11 19:53 B D:\Data\home\zbeckerman\attac-website\attac-v4-off.gif <-- cunix /www attac-v4-off.gif
2003.05.11 19:53 B D:\Data\home\zbeckerman\attac-website\attacrevisions.html <-- cunix /www attacrevisions.html
2003.05.11 19:53 B D:\Data\home\zbeckerman\attac-website\changelog.txt <-- cunix /www changelog.txt
2003.05.11 19:53 B D:\Data\home\zbeckerman\attac-website\changes.txt <-- cunix /www changes.txt
2003.05.11 19:53 B D:\Data\home\zbeckerman\attac-website\changes412.txt <-- cunix /www changes412.txt
2003.05.11 19:53 B D:\Data\home\zbeckerman\attac-website\competitiveupgrade.html <-- cunix /www competitiveupgrade.html
2003.05.11 19:53 B D:\Data\home\zbeckerman\attac-website\contact-us-top.gif <-- cunix /www contact-us-top.gif
2003.05.11 19:53 B D:\Data\home\zbeckerman\attac-website\download-off.gif <-- cunix /www download-off.gif
2003.05.11 19:53 B D:\Data\home\zbeckerman\attac-website\download.html <-- cunix /www download.html
2003.05.11 19:53 B D:\Data\home\zbeckerman\attac-website\faq-off.gif <-- cunix /www faq-off.gif
2003.05.11 19:53 B D:\Data\home\zbeckerman\attac-website\faq.html <-- cunix /www faq.html
2003.05.11 19:53 B D:\Data\home\zbeckerman\attac-website\feature-list-off.gif <-- cunix /www feature-list-off.gif
2003.05.11 19:53 B D:\Data\home\zbeckerman\attac-website\feature-list.html <-- cunix /www feature-list.html
2003.05.11 19:53 B D:\Data\home\zbeckerman\attac-website\forum.gif <-- cunix /www forum.gif
2003.05.11 19:53 B D:\Data\home\zbeckerman\attac-website\home-top.gif <-- cunix /www home-top.gif
2003.05.11 19:53 B D:\Data\home\zbeckerman\attac-website\index.html <-- cunix /www index.html
2003.05.11 19:53 B D:\Data\home\zbeckerman\attac-website\index1.html <-- cunix /www index1.html
2003.05.11 19:53 B D:\Data\home\zbeckerman\attac-website\information-off.gif <-- cunix /www information-off.gif
2003.05.11 19:53 B D:\Data\home\zbeckerman\attac-website\left_column_lace.gif <-- cunix /www left_column_lace.gif
2003.05.11 19:53 B D:\Data\home\zbeckerman\attac-website\new.gif <-- cunix /www new.gif
2003.05.11 19:53 B D:\Data\home\zbeckerman\attac-website\newattac.gif <-- cunix /www newattac.gif
2003.05.11 19:53 B D:\Data\home\zbeckerman\attac-website\onlinehelp-off.gif <-- cunix /www onlinehelp-off.gif
2003.05.11 19:53 B D:\Data\home\zbeckerman\attac-website\products-off.gif <-- cunix /www products-off.gif
2003.05.11 19:53 B D:\Data\home\zbeckerman\attac-website\purchase-off.gif <-- cunix /www purchase-off.gif
2003.05.11 19:53 B D:\Data\home\zbeckerman\attac-website\purchase.html <-- cunix /www purchase.html
2003.05.11 19:53 B D:\Data\home\zbeckerman\attac-website\register-attac-off.gif <-- cunix /www register-attac-off.gif
2003.05.11 19:53 B D:\Data\home\zbeckerman\attac-website\rexx-documentation-off.gif <-- cunix /www rexx-documentation-off.gif
2003.05.11 19:53 B D:\Data\home\zbeckerman\attac-website\rexxsupport.html <-- cunix /www rexxsupport.html
2003.05.11 19:53 B D:\Data\home\zbeckerman\attac-website\screen-shots-off.gif <-- cunix /www screen-shots-off.gif
2003.05.11 19:53 B D:\Data\home\zbeckerman\attac-website\screen-shots.html <-- cunix /www screen-shots.html
2003.05.11 19:53 B D:\Data\home\zbeckerman\attac-website\scripting.html <-- cunix /www scripting.html
2003.05.11 19:53 B D:\Data\home\zbeckerman\attac-website\support-off.gif <-- cunix /www support-off.gif
2003.05.11 19:53 B D:\Data\home\zbeckerman\attac-website\support.html <-- cunix /www support.html
2003.05.11 19:53 B D:\Data\home\zbeckerman\attac-website\tradewars-info-top.gif <-- cunix /www tradewars-info-top.gif
2003.05.11 19:53 B D:\Data\home\zbeckerman\attac-website\tradewars.html <-- cunix /www tradewars.html
2003.05.11 19:53 B D:\Data\home\zbeckerman\attac-website\tw-attac-bubble.gif <-- cunix /www tw-attac-bubble.gif
2003.05.11 19:53 B D:\Data\home\zbeckerman\attac-website\tw2002revision.html <-- cunix /www tw2002revision.html
2003.05.11 19:53 B D:\Data\home\zbeckerman\attac-website\twx-data-format-off.gif <-- cunix /www twx-data-format-off.gif
2003.05.11 19:53 B D:\Data\home\zbeckerman\attac-website\twx.html <-- cunix /www twx.html
2003.05.11 19:53 B D:\Data\home\zbeckerman\attac-website\upgradethanks.html <-- cunix /www upgradethanks.html
2003.05.11 19:53 B D:\Data\home\zbeckerman\attac-website\user-scripts-off.gif <-- cunix /www user-scripts-off.gif
2003.05.11 19:53 B D:\Data\home\zbeckerman\attac-website\what-is-attac-off.gif <-- cunix /www what-is-attac-off.gif
2003.05.11 19:53 B D:\Data\home\zbeckerman\attac-website\what-is-attac.html <-- cunix /www what-is-attac.html
2003.05.11 19:53 B D:\Data\home\zbeckerman\attac-website\white-line.gif <-- cunix /www white-line.gif
2003.05.11 21:50 B D:\Data\home\zbeckerman\attac-website\RemoteConnection.gif --> digitalindigo.com /www RemoteConnection.gif
2003.05.11 21:50 B D:\Data\home\zbeckerman\attac-website\remoteconnection.html <-- cunix /www remoteconnection.html
2003.05.11 21:51 B D:\Data\home\zbeckerman\attac-website\remoteconnection.html --> digitalindigo.com /www remoteconnection.html
2003.05.11 21:52 B D:\Data\home\zbeckerman\attac-website\remoteconnection.html --> digitalindigo.com /www remoteconnection.html
2003.05.11 21:52 B D:\Data\home\zbeckerman\attac-website\RemoteConnection.jpg --> digitalindigo.com /www RemoteConnection.jpg
2003.05.11 21:52 B D:\Data\home\zbeckerman\attac-website\RemoteConnection.jpg --> digitalindigo.com /www RemoteConnection.jpg
2003.05.11 21:54 B D:\Data\home\zbeckerman\attac-website\index.html --> digitalindigo.com /www index.html
2003.05.11 21:54 B D:\Data\home\zbeckerman\attac-website\index.html --> digitalindigo.com /www index.html
2003.05.11 22:01 B D:\Data\home\zbeckerman\attac-website\RemoteConnection.jpg --> digitalindigo.com /www RemoteConnection.jpg
2003.05.11 22:04 B D:\Data\home\zbeckerman\attac-website\RemoteConnection.gif --> digitalindigo.com /www RemoteConnection.gif
2003.05.11 22:06 B D:\Data\home\zbeckerman\attac-website\RemoteConnection.gif --> digitalindigo.com /www RemoteConnection.gif
2003.05.11 22:06 B D:\Data\home\zbeckerman\attac-website\remoteconnection.html --> digitalindigo.com /www remoteconnection.html
