2003.05.11 19:50 B D:\Data\home\zbeckerman\attac-website\docs\BackHomeBottomLeft.gif <-- cunix /www/docs BackHomeBottomLeft.gif
2003.05.11 19:50 B D:\Data\home\zbeckerman\attac-website\docs\BackHomeBottomMiddleA.gif <-- cunix /www/docs BackHomeBottomMiddleA.gif
2003.05.11 19:50 B D:\Data\home\zbeckerman\attac-website\docs\BackHomeBottomRight.gif <-- cunix /www/docs BackHomeBottomRight.gif
2003.05.11 19:50 B D:\Data\home\zbeckerman\attac-website\docs\BackHomeDisplayMiddle.gif <-- cunix /www/docs BackHomeDisplayMiddle.gif
2003.05.11 19:50 B D:\Data\home\zbeckerman\attac-website\docs\BackHomeText.gif <-- cunix /www/docs BackHomeText.gif
2003.05.11 19:50 B D:\Data\home\zbeckerman\attac-website\docs\BankMenu.html <-- cunix /www/docs BankMenu.html
2003.05.11 19:50 B D:\Data\home\zbeckerman\attac-website\docs\BankMenuMap.gif <-- cunix /www/docs BankMenuMap.gif
2003.05.11 19:50 B D:\Data\home\zbeckerman\attac-website\docs\Button2A.gif <-- cunix /www/docs Button2A.gif
2003.05.11 19:50 B D:\Data\home\zbeckerman\attac-website\docs\ButtonA.gif <-- cunix /www/docs ButtonA.gif
2003.05.11 19:50 B D:\Data\home\zbeckerman\attac-website\docs\CitadelMenu.html <-- cunix /www/docs CitadelMenu.html
2003.05.11 19:50 B D:\Data\home\zbeckerman\attac-website\docs\CitadelMenuMap.gif <-- cunix /www/docs CitadelMenuMap.gif
2003.05.11 19:50 B D:\Data\home\zbeckerman\attac-website\docs\CompDisplays.html <-- cunix /www/docs CompDisplays.html
2003.05.11 19:50 B D:\Data\home\zbeckerman\attac-website\docs\CompMisc.html <-- cunix /www/docs CompMisc.html
2003.05.11 19:50 B D:\Data\home\zbeckerman\attac-website\docs\CompNavigation.html <-- cunix /www/docs CompNavigation.html
2003.05.11 19:50 B D:\Data\home\zbeckerman\attac-website\docs\Computer.html <-- cunix /www/docs Computer.html
2003.05.11 19:50 B D:\Data\home\zbeckerman\attac-website\docs\ComputerMenu.html <-- cunix /www/docs ComputerMenu.html
2003.05.11 19:50 B D:\Data\home\zbeckerman\attac-website\docs\ComputerMenuMap2.gif <-- cunix /www/docs ComputerMenuMap2.gif
2003.05.11 19:50 B D:\Data\home\zbeckerman\attac-website\docs\CorporateMenu.html <-- cunix /www/docs CorporateMenu.html
2003.05.11 19:50 B D:\Data\home\zbeckerman\attac-website\docs\CorporateMenuMap.gif <-- cunix /www/docs CorporateMenuMap.gif
2003.05.11 19:50 B D:\Data\home\zbeckerman\attac-website\docs\DisplayTop.gif <-- cunix /www/docs DisplayTop.gif
2003.05.11 19:50 B D:\Data\home\zbeckerman\attac-website\docs\Divider1A.gif <-- cunix /www/docs Divider1A.gif
2003.05.11 19:50 B D:\Data\home\zbeckerman\attac-website\docs\Divider5.gif <-- cunix /www/docs Divider5.gif
2003.05.11 19:50 B D:\Data\home\zbeckerman\attac-website\docs\Divider5LeftEnd.gif <-- cunix /www/docs Divider5LeftEnd.gif
2003.05.11 19:50 B D:\Data\home\zbeckerman\attac-website\docs\Divider5RightEnd.gif <-- cunix /www/docs Divider5RightEnd.gif
2003.05.11 19:50 B D:\Data\home\zbeckerman\attac-website\docs\Divider7.gif <-- cunix /www/docs Divider7.gif
2003.05.11 19:50 B D:\Data\home\zbeckerman\attac-website\docs\Divider7LeftEnd.gif <-- cunix /www/docs Divider7LeftEnd.gif
2003.05.11 19:50 B D:\Data\home\zbeckerman\attac-website\docs\Divider7RightEnd.gif <-- cunix /www/docs Divider7RightEnd.gif
2003.05.11 19:50 B D:\Data\home\zbeckerman\attac-website\docs\GeneralHelpDisplay.gif <-- cunix /www/docs GeneralHelpDisplay.gif
2003.05.11 19:50 B D:\Data\home\zbeckerman\attac-website\docs\GeneralHelpText.gif <-- cunix /www/docs GeneralHelpText.gif
2003.05.11 19:50 B D:\Data\home\zbeckerman\attac-website\docs\GeneralNew.html <-- cunix /www/docs GeneralNew.html
2003.05.11 19:50 B D:\Data\home\zbeckerman\attac-website\docs\GeneralUpdated.html <-- cunix /www/docs GeneralUpdated.html
2003.05.11 19:50 B D:\Data\home\zbeckerman\attac-website\docs\GlobalCommands.html <-- cunix /www/docs GlobalCommands.html
2003.05.11 19:50 B D:\Data\home\zbeckerman\attac-website\docs\GoBack.gif <-- cunix /www/docs GoBack.gif
2003.05.11 19:50 B D:\Data\home\zbeckerman\attac-website\docs\GoMenu.gif <-- cunix /www/docs GoMenu.gif
2003.05.11 19:50 B D:\Data\home\zbeckerman\attac-website\docs\HardwareMenu.html <-- cunix /www/docs HardwareMenu.html
2003.05.11 19:50 B D:\Data\home\zbeckerman\attac-website\docs\HardwareMenuMap.gif <-- cunix /www/docs HardwareMenuMap.gif
2003.05.11 19:50 B D:\Data\home\zbeckerman\attac-website\docs\Help.gif <-- cunix /www/docs Help.gif
2003.05.11 19:50 B D:\Data\home\zbeckerman\attac-website\docs\LeftArrowA.gif <-- cunix /www/docs LeftArrowA.gif
2003.05.11 19:50 B D:\Data\home\zbeckerman\attac-website\docs\MainMenu.html <-- cunix /www/docs MainMenu.html
2003.05.11 19:50 B D:\Data\home\zbeckerman\attac-website\docs\MainMenuMap2.gif <-- cunix /www/docs MainMenuMap2.gif
2003.05.11 19:50 B D:\Data\home\zbeckerman\attac-website\docs\Miscellaneous.html <-- cunix /www/docs Miscellaneous.html
2003.05.11 19:50 B D:\Data\home\zbeckerman\attac-website\docs\NavConsole10.gif <-- cunix /www/docs NavConsole10.gif
2003.05.11 19:50 B D:\Data\home\zbeckerman\attac-website\docs\NavConsole10S.gif <-- cunix /www/docs NavConsole10S.gif
2003.05.11 19:50 B D:\Data\home\zbeckerman\attac-website\docs\NavConsole11.gif <-- cunix /www/docs NavConsole11.gif
2003.05.11 19:50 B D:\Data\home\zbeckerman\attac-website\docs\NavConsole11S.gif <-- cunix /www/docs NavConsole11S.gif
2003.05.11 19:50 B D:\Data\home\zbeckerman\attac-website\docs\NavConsole12.gif <-- cunix /www/docs NavConsole12.gif
2003.05.11 19:50 B D:\Data\home\zbeckerman\attac-website\docs\NavConsole12S.gif <-- cunix /www/docs NavConsole12S.gif
2003.05.11 19:50 B D:\Data\home\zbeckerman\attac-website\docs\NavConsole1a.gif <-- cunix /www/docs NavConsole1a.gif
2003.05.11 19:50 B D:\Data\home\zbeckerman\attac-website\docs\NavConsole1aS.gif <-- cunix /www/docs NavConsole1aS.gif
2003.05.11 19:50 B D:\Data\home\zbeckerman\attac-website\docs\NavConsole1b.gif <-- cunix /www/docs NavConsole1b.gif
2003.05.11 19:50 B D:\Data\home\zbeckerman\attac-website\docs\NavConsole1bS.gif <-- cunix /www/docs NavConsole1bS.gif
2003.05.11 19:50 B D:\Data\home\zbeckerman\attac-website\docs\NavConsole1c.gif <-- cunix /www/docs NavConsole1c.gif
2003.05.11 19:50 B D:\Data\home\zbeckerman\attac-website\docs\NavConsole1cS.gif <-- cunix /www/docs NavConsole1cS.gif
2003.05.11 19:50 B D:\Data\home\zbeckerman\attac-website\docs\NavConsole2a.gif <-- cunix /www/docs NavConsole2a.gif
2003.05.11 19:50 B D:\Data\home\zbeckerman\attac-website\docs\NavConsole2aS.gif <-- cunix /www/docs NavConsole2aS.gif
2003.05.11 19:50 B D:\Data\home\zbeckerman\attac-website\docs\NavConsole2b.gif <-- cunix /www/docs NavConsole2b.gif
2003.05.11 19:50 B D:\Data\home\zbeckerman\attac-website\docs\NavConsole2bS.gif <-- cunix /www/docs NavConsole2bS.gif
2003.05.11 19:50 B D:\Data\home\zbeckerman\attac-website\docs\NavConsole2c.gif <-- cunix /www/docs NavConsole2c.gif
2003.05.11 19:50 B D:\Data\home\zbeckerman\attac-website\docs\NavConsole2cS.gif <-- cunix /www/docs NavConsole2cS.gif
2003.05.11 19:50 B D:\Data\home\zbeckerman\attac-website\docs\NavConsole3.gif <-- cunix /www/docs NavConsole3.gif
2003.05.11 19:50 B D:\Data\home\zbeckerman\attac-website\docs\NavConsole3S.gif <-- cunix /www/docs NavConsole3S.gif
2003.05.11 19:50 B D:\Data\home\zbeckerman\attac-website\docs\NavConsole4.gif <-- cunix /www/docs NavConsole4.gif
2003.05.11 19:50 B D:\Data\home\zbeckerman\attac-website\docs\NavConsole4S.gif <-- cunix /www/docs NavConsole4S.gif
2003.05.11 19:50 B D:\Data\home\zbeckerman\attac-website\docs\NavConsole5a.gif <-- cunix /www/docs NavConsole5a.gif
2003.05.11 19:50 B D:\Data\home\zbeckerman\attac-website\docs\NavConsole5aS.gif <-- cunix /www/docs NavConsole5aS.gif
2003.05.11 19:50 B D:\Data\home\zbeckerman\attac-website\docs\NavConsole5b.gif <-- cunix /www/docs NavConsole5b.gif
2003.05.11 19:50 B D:\Data\home\zbeckerman\attac-website\docs\NavConsole5bS.gif <-- cunix /www/docs NavConsole5bS.gif
2003.05.11 19:50 B D:\Data\home\zbeckerman\attac-website\docs\NavConsole5c.gif <-- cunix /www/docs NavConsole5c.gif
2003.05.11 19:50 B D:\Data\home\zbeckerman\attac-website\docs\NavConsole5cS.gif <-- cunix /www/docs NavConsole5cS.gif
2003.05.11 19:50 B D:\Data\home\zbeckerman\attac-website\docs\NavConsole6.gif <-- cunix /www/docs NavConsole6.gif
2003.05.11 19:50 B D:\Data\home\zbeckerman\attac-website\docs\NavConsole6S.gif <-- cunix /www/docs NavConsole6S.gif
2003.05.11 19:50 B D:\Data\home\zbeckerman\attac-website\docs\NavConsole7a.gif <-- cunix /www/docs NavConsole7a.gif
2003.05.11 19:50 B D:\Data\home\zbeckerman\attac-website\docs\NavConsole7aS.gif <-- cunix /www/docs NavConsole7aS.gif
2003.05.11 19:50 B D:\Data\home\zbeckerman\attac-website\docs\NavConsole7b.gif <-- cunix /www/docs NavConsole7b.gif
2003.05.11 19:50 B D:\Data\home\zbeckerman\attac-website\docs\NavConsole7bS.gif <-- cunix /www/docs NavConsole7bS.gif
2003.05.11 19:50 B D:\Data\home\zbeckerman\attac-website\docs\NavConsole7c.gif <-- cunix /www/docs NavConsole7c.gif
2003.05.11 19:50 B D:\Data\home\zbeckerman\attac-website\docs\NavConsole7cS.gif <-- cunix /www/docs NavConsole7cS.gif
2003.05.11 19:50 B D:\Data\home\zbeckerman\attac-website\docs\NavConsole8.gif <-- cunix /www/docs NavConsole8.gif
2003.05.11 19:50 B D:\Data\home\zbeckerman\attac-website\docs\NavConsole8S.gif <-- cunix /www/docs NavConsole8S.gif
2003.05.11 19:50 B D:\Data\home\zbeckerman\attac-website\docs\NavConsole9.gif <-- cunix /www/docs NavConsole9.gif
2003.05.11 19:50 B D:\Data\home\zbeckerman\attac-website\docs\NavConsole9S.gif <-- cunix /www/docs NavConsole9S.gif
2003.05.11 19:50 B D:\Data\home\zbeckerman\attac-website\docs\NavConsoleBank.html <-- cunix /www/docs NavConsoleBank.html
2003.05.11 19:50 B D:\Data\home\zbeckerman\attac-website\docs\NavConsoleCitadel.html <-- cunix /www/docs NavConsoleCitadel.html
2003.05.11 19:50 B D:\Data\home\zbeckerman\attac-website\docs\NavConsoleComputer.html <-- cunix /www/docs NavConsoleComputer.html
2003.05.11 19:50 B D:\Data\home\zbeckerman\attac-website\docs\NavConsoleCorporate.html <-- cunix /www/docs NavConsoleCorporate.html
2003.05.11 19:50 B D:\Data\home\zbeckerman\attac-website\docs\NavConsoleHardware.html <-- cunix /www/docs NavConsoleHardware.html
2003.05.11 19:50 B D:\Data\home\zbeckerman\attac-website\docs\NavConsoleMain.html <-- cunix /www/docs NavConsoleMain.html
2003.05.11 19:50 B D:\Data\home\zbeckerman\attac-website\docs\NavConsolePlanet.html <-- cunix /www/docs NavConsolePlanet.html
2003.05.11 19:50 B D:\Data\home\zbeckerman\attac-website\docs\NavConsolePolice.html <-- cunix /www/docs NavConsolePolice.html
2003.05.11 19:50 B D:\Data\home\zbeckerman\attac-website\docs\NavConsoleShipyard.html <-- cunix /www/docs NavConsoleShipyard.html
2003.05.11 19:50 B D:\Data\home\zbeckerman\attac-website\docs\NavConsoleStarDock.html <-- cunix /www/docs NavConsoleStarDock.html
2003.05.11 19:50 B D:\Data\home\zbeckerman\attac-website\docs\NavConsoleTavern.html <-- cunix /www/docs NavConsoleTavern.html
2003.05.11 19:50 B D:\Data\home\zbeckerman\attac-website\docs\NavConsoleTradeWars.html <-- cunix /www/docs NavConsoleTradeWars.html
2003.05.11 19:50 B D:\Data\home\zbeckerman\attac-website\docs\Navigate.html <-- cunix /www/docs Navigate.html
2003.05.11 19:50 B D:\Data\home\zbeckerman\attac-website\docs\New.gif <-- cunix /www/docs New.gif
2003.05.11 19:50 B D:\Data\home\zbeckerman\attac-website\docs\Orb.gif <-- cunix /www/docs Orb.gif
2003.05.11 19:50 B D:\Data\home\zbeckerman\attac-website\docs\OrbA.gif <-- cunix /www/docs OrbA.gif
2003.05.11 19:50 B D:\Data\home\zbeckerman\attac-website\docs\PartitionLowerTee.gif <-- cunix /www/docs PartitionLowerTee.gif
2003.05.11 19:50 B D:\Data\home\zbeckerman\attac-website\docs\PartitionUpperTee.gif <-- cunix /www/docs PartitionUpperTee.gif
2003.05.11 19:50 B D:\Data\home\zbeckerman\attac-website\docs\PixelSpacer.gif <-- cunix /www/docs PixelSpacer.gif
2003.05.11 19:50 B D:\Data\home\zbeckerman\attac-website\docs\PlanetMenu.html <-- cunix /www/docs PlanetMenu.html
2003.05.11 19:50 B D:\Data\home\zbeckerman\attac-website\docs\PlanetMenuMap.gif <-- cunix /www/docs PlanetMenuMap.gif
2003.05.11 19:50 B D:\Data\home\zbeckerman\attac-website\docs\PoliceMenu.html <-- cunix /www/docs PoliceMenu.html
2003.05.11 19:50 B D:\Data\home\zbeckerman\attac-website\docs\PoliceMenuMap.gif <-- cunix /www/docs PoliceMenuMap.gif
2003.05.11 19:50 B D:\Data\home\zbeckerman\attac-website\docs\ps.gif <-- cunix /www/docs ps.gif
2003.05.11 19:50 B D:\Data\home\zbeckerman\attac-website\docs\RightArrow2A.gif <-- cunix /www/docs RightArrow2A.gif
2003.05.11 19:50 B D:\Data\home\zbeckerman\attac-website\docs\ShipyardMenu.html <-- cunix /www/docs ShipyardMenu.html
2003.05.11 19:50 B D:\Data\home\zbeckerman\attac-website\docs\ShipyardMenuMap.gif <-- cunix /www/docs ShipyardMenuMap.gif
2003.05.11 19:50 B D:\Data\home\zbeckerman\attac-website\docs\StarDockHelpDisplayA.gif <-- cunix /www/docs StarDockHelpDisplayA.gif
2003.05.11 19:50 B D:\Data\home\zbeckerman\attac-website\docs\StarDockHelpText.gif <-- cunix /www/docs StarDockHelpText.gif
2003.05.11 19:50 B D:\Data\home\zbeckerman\attac-website\docs\StarDockMenu.html <-- cunix /www/docs StarDockMenu.html
2003.05.11 19:50 B D:\Data\home\zbeckerman\attac-website\docs\StarDockMenuMap.gif <-- cunix /www/docs StarDockMenuMap.gif
2003.05.11 19:50 B D:\Data\home\zbeckerman\attac-website\docs\SysOpNew.html <-- cunix /www/docs SysOpNew.html
2003.05.11 19:50 B D:\Data\home\zbeckerman\attac-website\docs\SysOpUpdated.html <-- cunix /www/docs SysOpUpdated.html
2003.05.11 19:50 B D:\Data\home\zbeckerman\attac-website\docs\Tactical.html <-- cunix /www/docs Tactical.html
2003.05.11 19:50 B D:\Data\home\zbeckerman\attac-website\docs\TavernMenu.html <-- cunix /www/docs TavernMenu.html
2003.05.11 19:50 B D:\Data\home\zbeckerman\attac-website\docs\TavernMenuMap.gif <-- cunix /www/docs TavernMenuMap.gif
2003.05.11 19:50 B D:\Data\home\zbeckerman\attac-website\docs\TradeWars.html <-- cunix /www/docs TradeWars.html
2003.05.11 19:50 B D:\Data\home\zbeckerman\attac-website\docs\TWBlue.gif <-- cunix /www/docs TWBlue.gif
2003.05.11 19:50 B D:\Data\home\zbeckerman\attac-website\docs\TWTileDark.jpg <-- cunix /www/docs TWTileDark.jpg
2003.05.11 19:50 B D:\Data\home\zbeckerman\attac-website\docs\TWTileLight.jpg <-- cunix /www/docs TWTileLight.jpg
2003.05.11 19:50 B D:\Data\home\zbeckerman\attac-website\docs\Updated.gif <-- cunix /www/docs Updated.gif
2003.05.11 19:50 B D:\Data\home\zbeckerman\attac-website\docs\Version3.html <-- cunix /www/docs Version3.html
2003.05.11 19:50 B D:\Data\home\zbeckerman\attac-website\docs\Version3A.gif <-- cunix /www/docs Version3A.gif
2003.05.11 19:50 B D:\Data\home\zbeckerman\attac-website\docs\WhatsNew.html <-- cunix /www/docs WhatsNew.html
2003.05.11 19:50 B D:\Data\home\zbeckerman\attac-website\docs\WhatsNewDisplay.gif <-- cunix /www/docs WhatsNewDisplay.gif
2003.05.11 19:50 B D:\Data\home\zbeckerman\attac-website\docs\WhatsNewText.gif <-- cunix /www/docs WhatsNewText.gif
