2001.07.09 18:40 B D:\temp\web\scripts\accessAttacDBwithREXX.zrx <-- digitalindigo.com /www/scripts accessAttacDBwithREXX.zrx
2001.07.09 18:40 B D:\temp\web\scripts\bustplanets.zrx <-- digitalindigo.com /www/scripts bustplanets.zrx
2001.07.09 18:40 B D:\temp\web\scripts\buydump.zrx <-- digitalindigo.com /www/scripts buydump.zrx
2001.07.09 18:40 B D:\temp\web\scripts\colonistmover.zrx <-- digitalindigo.com /www/scripts colonistmover.zrx
2001.07.09 18:40 B D:\temp\web\scripts\resourcemover.zrx <-- digitalindigo.com /www/scripts resourcemover.zrx
2001.07.09 18:40 B D:\temp\web\scripts\robmoverob.zrx <-- digitalindigo.com /www/scripts robmoverob.zrx
2001.07.09 18:40 B D:\temp\web\scripts\ssm-speed.zrx <-- digitalindigo.com /www/scripts ssm-speed.zrx
2001.07.09 18:40 B D:\temp\web\scripts\sst.zrx <-- digitalindigo.com /www/scripts sst.zrx
2001.07.09 18:40 B D:\temp\web\scripts\testBuffer.zrx <-- digitalindigo.com /www/scripts testBuffer.zrx
2001.07.09 18:40 B D:\temp\web\scripts\testLogging.zrx <-- digitalindigo.com /www/scripts testLogging.zrx
2001.07.09 18:40 B D:\temp\web\scripts\trade.zrx <-- digitalindigo.com /www/scripts trade.zrx
2001.07.09 18:40 B D:\temp\web\scripts\tradenohaggle.zrx <-- digitalindigo.com /www/scripts tradenohaggle.zrx
2001.07.09 18:40 B D:\temp\web\scripts\twarpColonizer.zrx <-- digitalindigo.com /www/scripts twarpColonizer.zrx
2001.07.10 01:08 B D:\temp\web\scripts\accessAttacDBwithREXX.zrx --> tw-attac.com /public_html/scripts accessAttacDBwithREXX.zrx
2001.07.10 01:08 B D:\temp\web\scripts\bustplanets.zrx --> tw-attac.com /public_html/scripts bustplanets.zrx
2001.07.10 01:08 B D:\temp\web\scripts\buydump.zrx --> tw-attac.com /public_html/scripts buydump.zrx
2001.07.10 01:08 B D:\temp\web\scripts\colonistmover.zrx --> tw-attac.com /public_html/scripts colonistmover.zrx
2001.07.10 01:08 B D:\temp\web\scripts\resourcemover.zrx --> tw-attac.com /public_html/scripts resourcemover.zrx
2001.07.10 01:08 B D:\temp\web\scripts\robmoverob.zrx --> tw-attac.com /public_html/scripts robmoverob.zrx
2001.07.10 01:08 B D:\temp\web\scripts\ssm-speed.zrx --> tw-attac.com /public_html/scripts ssm-speed.zrx
2001.07.10 01:08 B D:\temp\web\scripts\sst.zrx --> tw-attac.com /public_html/scripts sst.zrx
2001.07.10 01:08 B D:\temp\web\scripts\testBuffer.zrx --> tw-attac.com /public_html/scripts testBuffer.zrx
2001.07.10 01:08 B D:\temp\web\scripts\testLogging.zrx --> tw-attac.com /public_html/scripts testLogging.zrx
2001.07.10 01:08 B D:\temp\web\scripts\trade.zrx --> tw-attac.com /public_html/scripts trade.zrx
2001.07.10 01:08 B D:\temp\web\scripts\tradenohaggle.zrx --> tw-attac.com /public_html/scripts tradenohaggle.zrx
2001.07.10 01:08 B D:\temp\web\scripts\twarpColonizer.zrx --> tw-attac.com /public_html/scripts twarpColonizer.zrx
2001.07.26 01:01 B D:\temp\tmpSite\scripts\WS_FTP.LOG <-- tw-attac.com /public_html/scripts WS_FTP.LOG
2001.07.26 08:40 B D:\temp\tmpSite\scripts\accessAttacDBwithREXX.zrx --> digitalindigo.com /www/scripts accessAttacDBwithREXX.zrx
2001.07.26 08:40 B D:\temp\tmpSite\scripts\bustplanets.zrx --> digitalindigo.com /www/scripts bustplanets.zrx
2001.07.26 08:41 B D:\temp\tmpSite\scripts\buydump.zrx --> digitalindigo.com /www/scripts buydump.zrx
2001.07.26 08:41 B D:\temp\tmpSite\scripts\colonistmover.zrx --> digitalindigo.com /www/scripts colonistmover.zrx
2001.07.26 08:41 B D:\temp\tmpSite\scripts\resourcemover.zrx --> digitalindigo.com /www/scripts resourcemover.zrx
2001.07.26 08:41 B D:\temp\tmpSite\scripts\robmoverob.zrx --> digitalindigo.com /www/scripts robmoverob.zrx
2001.07.26 08:41 B D:\temp\tmpSite\scripts\ssm-speed.zrx --> digitalindigo.com /www/scripts ssm-speed.zrx
2001.07.26 08:42 B D:\temp\tmpSite\scripts\sst.zrx --> digitalindigo.com /www/scripts sst.zrx
2001.07.26 08:42 B D:\temp\tmpSite\scripts\testBuffer.zrx --> digitalindigo.com /www/scripts testBuffer.zrx
2001.07.26 08:42 B D:\temp\tmpSite\scripts\testLogging.zrx --> digitalindigo.com /www/scripts testLogging.zrx
2001.07.26 08:42 B D:\temp\tmpSite\scripts\trade.zrx --> digitalindigo.com /www/scripts trade.zrx
2001.07.26 08:42 B D:\temp\tmpSite\scripts\tradenohaggle.zrx --> digitalindigo.com /www/scripts tradenohaggle.zrx
2001.07.26 08:43 B D:\temp\tmpSite\scripts\twarpColonizer.zrx --> digitalindigo.com /www/scripts twarpColonizer.zrx
2003.05.11 19:53 B D:\Data\home\zbeckerman\attac-website\scripts\WS_FTP.LOG <-- cunix /www/scripts WS_FTP.LOG
